The target system is: Generic - 1 - 
The host system is: Darwin - 21.4.0 - x86_64
Checking whether the ASM compiler is GNU using "--version" matched "(GNU assembler)|(GCC)|(Free Software Foundation)":
GNU ar (AVR_8_bit_GNU_Toolchain_3.6.7_489) 2.26.20160125
Copyright (C) 2015 Free Software Foundation, Inc.
This program is free software; you may redistribute it under the terms of
the GNU General Public License version 3 or (at your option) any later version.
This program has absolutely no warranty.
Checking whether the ASM compiler is GNU using "--version" matched "(GNU assembler)|(GCC)|(Free Software Foundation)":
GNU ar (AVR_8_bit_GNU_Toolchain_3.6.7_489) 2.26.20160125
Copyright (C) 2015 Free Software Foundation, Inc.
This program is free software; you may redistribute it under the terms of
the GNU General Public License version 3 or (at your option) any later version.
This program has absolutely no warranty.
Checking whether the ASM compiler is GNU using "--version" matched "(GNU assembler)|(GCC)|(Free Software Foundation)":
GNU ar (AVR_8_bit_GNU_Toolchain_3.6.7_489) 2.26.20160125
Copyright (C) 2015 Free Software Foundation, Inc.
This program is free software; you may redistribute it under the terms of
the GNU General Public License version 3 or (at your option) any later version.
This program has absolutely no warranty.
Checking whether the ASM compiler is GNU using "--version" matched "(GNU assembler)|(GCC)|(Free Software Foundation)":
GNU ar (AVR_8_bit_GNU_Toolchain_3.6.7_489) 2.26.20160125
Copyright (C) 2015 Free Software Foundation, Inc.
This program is free software; you may redistribute it under the terms of
the GNU General Public License version 3 or (at your option) any later version.
This program has absolutely no warranty.
Checking whether the ASM compiler is GNU using "--version" matched "(GNU assembler)|(GCC)|(Free Software Foundation)":
GNU ar (AVR_8_bit_GNU_Toolchain_3.6.7_489) 2.26.20160125
Copyright (C) 2015 Free Software Foundation, Inc.
This program is free software; you may redistribute it under the terms of
the GNU General Public License version 3 or (at your option) any later version.
This program has absolutely no warranty.
Compiling the C compiler identification source file "CMakeCCompilerId.c" succeeded.
Compiler: /Applications/microchip/xc8/v2.41/bin/xc8 
Build flags: --chip=16LF1788
Id flags:  

The output was:
0
/Applications/microchip/xc8/v2.41/pic/bin/picc @/tmp/xcehmRNbC/xc8_tmp_0.cmd [ --chip=16LF1788 CMakeCCompilerId.c ]
Microchip MPLAB XC8 C Compiler V2.41
Build date: Feb  8 2023
Part Support Version: 2.41
Copyright (C) 2023 Microchip Technology Inc.
License type: Node Configuration


Memory Summary:
    Program space        used    DBh (   219) of  4000h words   (  1.3%)
    Data space           used    14h (    20) of   800h bytes   (  1.0%)
    EEPROM space         used     0h (     0) of   100h bytes   (  0.0%)
    Configuration bits   used     0h (     0) of     2h words   (  0.0%)
    ID Location space    used     0h (     0) of     4h bytes   (  0.0%)



Compilation of the C compiler identification source "CMakeCCompilerId.c" produced "CMakeCCompilerId.as"

Compilation of the C compiler identification source "CMakeCCompilerId.c" produced "CMakeCCompilerId.cmf"

Compilation of the C compiler identification source "CMakeCCompilerId.c" produced "CMakeCCompilerId.d"

Compilation of the C compiler identification source "CMakeCCompilerId.c" produced "CMakeCCompilerId.elf"

Compilation of the C compiler identification source "CMakeCCompilerId.c" produced "CMakeCCompilerId.hex"

Compilation of the C compiler identification source "CMakeCCompilerId.c" produced "CMakeCCompilerId.hxl"

Compilation of the C compiler identification source "CMakeCCompilerId.c" produced "CMakeCCompilerId.obj"

Compilation of the C compiler identification source "CMakeCCompilerId.c" produced "CMakeCCompilerId.p1"

Compilation of the C compiler identification source "CMakeCCompilerId.c" produced "CMakeCCompilerId.pre"

Compilation of the C compiler identification source "CMakeCCompilerId.c" produced "CMakeCCompilerId.sdb"

Compilation of the C compiler identification source "CMakeCCompilerId.c" produced "CMakeCCompilerId.sym"

Compilation of the C compiler identification source "CMakeCCompilerId.c" produced "__eeprom.d"

Compilation of the C compiler identification source "CMakeCCompilerId.c" produced "__eeprom.p1"

Compilation of the C compiler identification source "CMakeCCompilerId.c" produced "__eeprom.pre"

Compilation of the C compiler identification source "CMakeCCompilerId.c" produced "compiler_support.d"

Compilation of the C compiler identification source "CMakeCCompilerId.c" produced "compiler_support.p1"

Compilation of the C compiler identification source "CMakeCCompilerId.c" produced "compiler_support.pre"

Compilation of the C compiler identification source "CMakeCCompilerId.c" produced "startup.as"

Compilation of the C compiler identification source "CMakeCCompilerId.c" produced "startup.lst"

Compilation of the C compiler identification source "CMakeCCompilerId.c" produced "startup.obj"

Compilation of the C compiler identification source "CMakeCCompilerId.c" produced "startup.rlf"

Compiling the C compiler identification source file "CMakeCCompilerId.c" succeeded.
Compiler: /Applications/microchip/xc8/v2.41/bin/xc8 
Build flags: --chip=16LF1788
Id flags: -c 

The output was:
0
/Applications/microchip/xc8/v2.41/pic/bin/picc @/tmp/xc8k2c1lt/xc8_tmp_0.cmd [ --chip=16LF1788 -c CMakeCCompilerId.c ]
Microchip MPLAB XC8 C Compiler V2.41
Build date: Feb  8 2023
Part Support Version: 2.41
Copyright (C) 2023 Microchip Technology Inc.
License type: Node Configuration



Compilation of the C compiler identification source "CMakeCCompilerId.c" produced "CMakeCCompilerId.as"

Compilation of the C compiler identification source "CMakeCCompilerId.c" produced "CMakeCCompilerId.d"

Compilation of the C compiler identification source "CMakeCCompilerId.c" produced "CMakeCCompilerId.obj"

Compilation of the C compiler identification source "CMakeCCompilerId.c" produced "CMakeCCompilerId.p1"

Compilation of the C compiler identification source "CMakeCCompilerId.c" produced "CMakeCCompilerId.pre"

Compilation of the C compiler identification source "CMakeCCompilerId.c" produced "CMakeCCompilerId.sdb"

Compilation of the C compiler identification source "CMakeCCompilerId.c" produced "__eeprom.d"

Compilation of the C compiler identification source "CMakeCCompilerId.c" produced "__eeprom.p1"

Compilation of the C compiler identification source "CMakeCCompilerId.c" produced "__eeprom.pre"

Compilation of the C compiler identification source "CMakeCCompilerId.c" produced "compiler_support.d"

Compilation of the C compiler identification source "CMakeCCompilerId.c" produced "compiler_support.p1"

Compilation of the C compiler identification source "CMakeCCompilerId.c" produced "compiler_support.pre"

Compiling the C compiler identification source file "CMakeCCompilerId.c" succeeded.
Compiler: /Applications/microchip/xc8/v2.41/bin/xc8 
Build flags: --chip=16LF1788
Id flags: -D__CLASSIC_C__ 

The output was:
0
/Applications/microchip/xc8/v2.41/pic/bin/picc @/tmp/xcbQvXBm7/xc8_tmp_0.cmd [ --chip=16LF1788 -D__CLASSIC_C__ CMakeCCompilerId.c ]
Microchip MPLAB XC8 C Compiler V2.41
Build date: Feb  8 2023
Part Support Version: 2.41
Copyright (C) 2023 Microchip Technology Inc.
License type: Node Configuration

CMakeCCompilerId.c:
   403:	char * info_compiler = "INFO" ":" "compiler[" "" "]";
	     (359) illegal conversion between pointer types ^ (warning)
pointer to const unsigned char -> pointer to unsigned char
   732:	char * info_platform = "INFO" ":" "platform["  "]";
	   (359) illegal conversion between pointer types ^ (warning)
pointer to const unsigned char -> pointer to unsigned char
   733:	char * info_arch = "INFO" ":" "arch["  "]";
	                                          ^ (359) illegal conversion between pointer types (warning)
pointer to const unsigned char -> pointer to unsigned char
   755:	"INFO" ":" "standard_default[" "90" "]";
	                                       ^ (359) illegal conversion between pointer types (warning)
pointer to const unsigned char -> pointer to unsigned char
   766:	"]";
	   ^ (359) illegal conversion between pointer types (warning)
pointer to const unsigned char -> pointer to unsigned char

Memory Summary:
    Program space        used    DBh (   219) of  4000h words   (  1.3%)
    Data space           used    14h (    20) of   800h bytes   (  1.0%)
    EEPROM space         used     0h (     0) of   100h bytes   (  0.0%)
    Configuration bits   used     0h (     0) of     2h words   (  0.0%)
    ID Location space    used     0h (     0) of     4h bytes   (  0.0%)



Compilation of the C compiler identification source "CMakeCCompilerId.c" produced "CMakeCCompilerId.as"

Compilation of the C compiler identification source "CMakeCCompilerId.c" produced "CMakeCCompilerId.cmf"

Compilation of the C compiler identification source "CMakeCCompilerId.c" produced "CMakeCCompilerId.d"

Compilation of the C compiler identification source "CMakeCCompilerId.c" produced "CMakeCCompilerId.elf"

Compilation of the C compiler identification source "CMakeCCompilerId.c" produced "CMakeCCompilerId.hex"

Compilation of the C compiler identification source "CMakeCCompilerId.c" produced "CMakeCCompilerId.hxl"

Compilation of the C compiler identification source "CMakeCCompilerId.c" produced "CMakeCCompilerId.obj"

Compilation of the C compiler identification source "CMakeCCompilerId.c" produced "CMakeCCompilerId.p1"

Compilation of the C compiler identification source "CMakeCCompilerId.c" produced "CMakeCCompilerId.pre"

Compilation of the C compiler identification source "CMakeCCompilerId.c" produced "CMakeCCompilerId.sdb"

Compilation of the C compiler identification source "CMakeCCompilerId.c" produced "CMakeCCompilerId.sym"

Compilation of the C compiler identification source "CMakeCCompilerId.c" produced "__eeprom.d"

Compilation of the C compiler identification source "CMakeCCompilerId.c" produced "__eeprom.p1"

Compilation of the C compiler identification source "CMakeCCompilerId.c" produced "__eeprom.pre"

Compilation of the C compiler identification source "CMakeCCompilerId.c" produced "compiler_support.d"

Compilation of the C compiler identification source "CMakeCCompilerId.c" produced "compiler_support.p1"

Compilation of the C compiler identification source "CMakeCCompilerId.c" produced "compiler_support.pre"

Compilation of the C compiler identification source "CMakeCCompilerId.c" produced "startup.as"

Compilation of the C compiler identification source "CMakeCCompilerId.c" produced "startup.lst"

Compilation of the C compiler identification source "CMakeCCompilerId.c" produced "startup.obj"

Compilation of the C compiler identification source "CMakeCCompilerId.c" produced "startup.rlf"

Compiling the C compiler identification source file "CMakeCCompilerId.c" succeeded.
Compiler: /Applications/microchip/xc8/v2.41/bin/xc8 
Build flags: --chip=16LF1788
Id flags: -c;-I__does_not_exist__ 

The output was:
0
/Applications/microchip/xc8/v2.41/pic/bin/picc @/tmp/xcEPUDwKY/xc8_tmp_0.cmd [ --chip=16LF1788 -c -I__does_not_exist__ CMakeCCompilerId.c ]
Microchip MPLAB XC8 C Compiler V2.41
Build date: Feb  8 2023
Part Support Version: 2.41
Copyright (C) 2023 Microchip Technology Inc.
License type: Node Configuration



Compilation of the C compiler identification source "CMakeCCompilerId.c" produced "CMakeCCompilerId.as"

Compilation of the C compiler identification source "CMakeCCompilerId.c" produced "CMakeCCompilerId.d"

Compilation of the C compiler identification source "CMakeCCompilerId.c" produced "CMakeCCompilerId.obj"

Compilation of the C compiler identification source "CMakeCCompilerId.c" produced "CMakeCCompilerId.p1"

Compilation of the C compiler identification source "CMakeCCompilerId.c" produced "CMakeCCompilerId.pre"

Compilation of the C compiler identification source "CMakeCCompilerId.c" produced "CMakeCCompilerId.sdb"

Compilation of the C compiler identification source "CMakeCCompilerId.c" produced "__eeprom.d"

Compilation of the C compiler identification source "CMakeCCompilerId.c" produced "__eeprom.p1"

Compilation of the C compiler identification source "CMakeCCompilerId.c" produced "__eeprom.pre"

Compilation of the C compiler identification source "CMakeCCompilerId.c" produced "compiler_support.d"

Compilation of the C compiler identification source "CMakeCCompilerId.c" produced "compiler_support.p1"

Compilation of the C compiler identification source "CMakeCCompilerId.c" produced "compiler_support.pre"

Checking whether the ASM compiler is GNU using "--version" matched "(GNU assembler)|(GCC)|(Free Software Foundation)":
GNU ar (AVR_8_bit_GNU_Toolchain_3.6.7_489) 2.26.20160125
Copyright (C) 2015 Free Software Foundation, Inc.
This program is free software; you may redistribute it under the terms of
the GNU General Public License version 3 or (at your option) any later version.
This program has absolutely no warranty.
Compiling the C compiler identification source file "CMakeCCompilerId.c" succeeded.
Compiler: /Applications/microchip/xc8/v2.41/bin/xc8 
Build flags: --chip=16LF1788;-O0
Id flags:  

The output was:
0
/Applications/microchip/xc8/v2.41/pic/bin/picc @/tmp/xcyW7AMCX/xc8_tmp_0.cmd [ --chip=16LF1788 -O0 CMakeCCompilerId.c ]
Microchip MPLAB XC8 C Compiler V2.41
Build date: Feb  8 2023
Part Support Version: 2.41
Copyright (C) 2023 Microchip Technology Inc.
License type: Node Configuration


Memory Summary:
    Program space        used    DBh (   219) of  4000h words   (  1.3%)
    Data space           used    14h (    20) of   800h bytes   (  1.0%)
    EEPROM space         used     0h (     0) of   100h bytes   (  0.0%)
    Configuration bits   used     0h (     0) of     2h words   (  0.0%)
    ID Location space    used     0h (     0) of     4h bytes   (  0.0%)



Compilation of the C compiler identification source "CMakeCCompilerId.c" produced "0.as"

Compilation of the C compiler identification source "CMakeCCompilerId.c" produced "0.cmf"

Compilation of the C compiler identification source "CMakeCCompilerId.c" produced "0.elf"

Compilation of the C compiler identification source "CMakeCCompilerId.c" produced "0.hex"

Compilation of the C compiler identification source "CMakeCCompilerId.c" produced "0.hxl"

Compilation of the C compiler identification source "CMakeCCompilerId.c" produced "0.obj"

Compilation of the C compiler identification source "CMakeCCompilerId.c" produced "0.sdb"

Compilation of the C compiler identification source "CMakeCCompilerId.c" produced "0.sym"

Compilation of the C compiler identification source "CMakeCCompilerId.c" produced "CMakeCCompilerId.d"

Compilation of the C compiler identification source "CMakeCCompilerId.c" produced "CMakeCCompilerId.p1"

Compilation of the C compiler identification source "CMakeCCompilerId.c" produced "CMakeCCompilerId.pre"

Compilation of the C compiler identification source "CMakeCCompilerId.c" produced "__eeprom.d"

Compilation of the C compiler identification source "CMakeCCompilerId.c" produced "__eeprom.p1"

Compilation of the C compiler identification source "CMakeCCompilerId.c" produced "__eeprom.pre"

Compilation of the C compiler identification source "CMakeCCompilerId.c" produced "compiler_support.d"

Compilation of the C compiler identification source "CMakeCCompilerId.c" produced "compiler_support.p1"

Compilation of the C compiler identification source "CMakeCCompilerId.c" produced "compiler_support.pre"

Compilation of the C compiler identification source "CMakeCCompilerId.c" produced "startup.as"

Compilation of the C compiler identification source "CMakeCCompilerId.c" produced "startup.lst"

Compilation of the C compiler identification source "CMakeCCompilerId.c" produced "startup.obj"

Compilation of the C compiler identification source "CMakeCCompilerId.c" produced "startup.rlf"

Compiling the C compiler identification source file "CMakeCCompilerId.c" succeeded.
Compiler: /Applications/microchip/xc8/v2.41/bin/xc8 
Build flags: --chip=16LF1788;-O0
Id flags: -D__CLASSIC_C__ 

The output was:
0
/Applications/microchip/xc8/v2.41/pic/bin/picc @/tmp/xcHgIxwbF/xc8_tmp_0.cmd [ --chip=16LF1788 -O0 -D__CLASSIC_C__ CMakeCCompilerId.c ]
Microchip MPLAB XC8 C Compiler V2.41
Build date: Feb  8 2023
Part Support Version: 2.41
Copyright (C) 2023 Microchip Technology Inc.
License type: Node Configuration

CMakeCCompilerId.c:
   403:	char * info_compiler = "INFO" ":" "compiler[" "" "]";
	     (359) illegal conversion between pointer types ^ (warning)
pointer to const unsigned char -> pointer to unsigned char
   732:	char * info_platform = "INFO" ":" "platform["  "]";
	   (359) illegal conversion between pointer types ^ (warning)
pointer to const unsigned char -> pointer to unsigned char
   733:	char * info_arch = "INFO" ":" "arch["  "]";
	                                          ^ (359) illegal conversion between pointer types (warning)
pointer to const unsigned char -> pointer to unsigned char
   755:	"INFO" ":" "standard_default[" "90" "]";
	                                       ^ (359) illegal conversion between pointer types (warning)
pointer to const unsigned char -> pointer to unsigned char
   766:	"]";
	   ^ (359) illegal conversion between pointer types (warning)
pointer to const unsigned char -> pointer to unsigned char

Memory Summary:
    Program space        used    DBh (   219) of  4000h words   (  1.3%)
    Data space           used    14h (    20) of   800h bytes   (  1.0%)
    EEPROM space         used     0h (     0) of   100h bytes   (  0.0%)
    Configuration bits   used     0h (     0) of     2h words   (  0.0%)
    ID Location space    used     0h (     0) of     4h bytes   (  0.0%)



Compilation of the C compiler identification source "CMakeCCompilerId.c" produced "0.as"

Compilation of the C compiler identification source "CMakeCCompilerId.c" produced "0.cmf"

Compilation of the C compiler identification source "CMakeCCompilerId.c" produced "0.elf"

Compilation of the C compiler identification source "CMakeCCompilerId.c" produced "0.hex"

Compilation of the C compiler identification source "CMakeCCompilerId.c" produced "0.hxl"

Compilation of the C compiler identification source "CMakeCCompilerId.c" produced "0.obj"

Compilation of the C compiler identification source "CMakeCCompilerId.c" produced "0.sdb"

Compilation of the C compiler identification source "CMakeCCompilerId.c" produced "0.sym"

Compilation of the C compiler identification source "CMakeCCompilerId.c" produced "CMakeCCompilerId.d"

Compilation of the C compiler identification source "CMakeCCompilerId.c" produced "CMakeCCompilerId.p1"

Compilation of the C compiler identification source "CMakeCCompilerId.c" produced "CMakeCCompilerId.pre"

Compilation of the C compiler identification source "CMakeCCompilerId.c" produced "__eeprom.d"

Compilation of the C compiler identification source "CMakeCCompilerId.c" produced "__eeprom.p1"

Compilation of the C compiler identification source "CMakeCCompilerId.c" produced "__eeprom.pre"

Compilation of the C compiler identification source "CMakeCCompilerId.c" produced "compiler_support.d"

Compilation of the C compiler identification source "CMakeCCompilerId.c" produced "compiler_support.p1"

Compilation of the C compiler identification source "CMakeCCompilerId.c" produced "compiler_support.pre"

Compilation of the C compiler identification source "CMakeCCompilerId.c" produced "startup.as"

Compilation of the C compiler identification source "CMakeCCompilerId.c" produced "startup.lst"

Compilation of the C compiler identification source "CMakeCCompilerId.c" produced "startup.obj"

Compilation of the C compiler identification source "CMakeCCompilerId.c" produced "startup.rlf"

Checking whether the ASM compiler is GNU using "--version" matched "(GNU assembler)|(GCC)|(Free Software Foundation)":
GNU ar (AVR_8_bit_GNU_Toolchain_3.6.7_489) 2.26.20160125
Copyright (C) 2015 Free Software Foundation, Inc.
This program is free software; you may redistribute it under the terms of
the GNU General Public License version 3 or (at your option) any later version.
This program has absolutely no warranty.
Compiling the C compiler identification source file "CMakeCCompilerId.c" succeeded.
Compiler: /Applications/microchip/xc8/v2.41/bin/xc8 
Build flags: --chip=16LF1788;-Os
Id flags:  

The output was:
0
/Applications/microchip/xc8/v2.41/pic/bin/picc @/tmp/xcQgqnHpe/xc8_tmp_0.cmd [ --chip=16LF1788 -Os CMakeCCompilerId.c ]
Microchip MPLAB XC8 C Compiler V2.41
Build date: Feb  8 2023
Part Support Version: 2.41
Copyright (C) 2023 Microchip Technology Inc.
License type: Node Configuration


Memory Summary:
    Program space        used    DBh (   219) of  4000h words   (  1.3%)
    Data space           used    14h (    20) of   800h bytes   (  1.0%)
    EEPROM space         used     0h (     0) of   100h bytes   (  0.0%)
    Configuration bits   used     0h (     0) of     2h words   (  0.0%)
    ID Location space    used     0h (     0) of     4h bytes   (  0.0%)



Compilation of the C compiler identification source "CMakeCCompilerId.c" produced "CMakeCCompilerId.d"

Compilation of the C compiler identification source "CMakeCCompilerId.c" produced "CMakeCCompilerId.p1"

Compilation of the C compiler identification source "CMakeCCompilerId.c" produced "CMakeCCompilerId.pre"

Compilation of the C compiler identification source "CMakeCCompilerId.c" produced "__eeprom.d"

Compilation of the C compiler identification source "CMakeCCompilerId.c" produced "__eeprom.p1"

Compilation of the C compiler identification source "CMakeCCompilerId.c" produced "__eeprom.pre"

Compilation of the C compiler identification source "CMakeCCompilerId.c" produced "compiler_support.d"

Compilation of the C compiler identification source "CMakeCCompilerId.c" produced "compiler_support.p1"

Compilation of the C compiler identification source "CMakeCCompilerId.c" produced "compiler_support.pre"

Compilation of the C compiler identification source "CMakeCCompilerId.c" produced "s.as"

Compilation of the C compiler identification source "CMakeCCompilerId.c" produced "s.cmf"

Compilation of the C compiler identification source "CMakeCCompilerId.c" produced "s.elf"

Compilation of the C compiler identification source "CMakeCCompilerId.c" produced "s.hex"

Compilation of the C compiler identification source "CMakeCCompilerId.c" produced "s.hxl"

Compilation of the C compiler identification source "CMakeCCompilerId.c" produced "s.obj"

Compilation of the C compiler identification source "CMakeCCompilerId.c" produced "s.sdb"

Compilation of the C compiler identification source "CMakeCCompilerId.c" produced "s.sym"

Compilation of the C compiler identification source "CMakeCCompilerId.c" produced "startup.as"

Compilation of the C compiler identification source "CMakeCCompilerId.c" produced "startup.lst"

Compilation of the C compiler identification source "CMakeCCompilerId.c" produced "startup.obj"

Compilation of the C compiler identification source "CMakeCCompilerId.c" produced "startup.rlf"

Compiling the C compiler identification source file "CMakeCCompilerId.c" succeeded.
Compiler: /Applications/microchip/xc8/v2.41/bin/xc8 
Build flags: --chip=16LF1788;-Os
Id flags: -D__CLASSIC_C__ 

The output was:
0
/Applications/microchip/xc8/v2.41/pic/bin/picc @/tmp/xcUSJo18n/xc8_tmp_0.cmd [ --chip=16LF1788 -Os -D__CLASSIC_C__ CMakeCCompilerId.c ]
Microchip MPLAB XC8 C Compiler V2.41
Build date: Feb  8 2023
Part Support Version: 2.41
Copyright (C) 2023 Microchip Technology Inc.
License type: Node Configuration

CMakeCCompilerId.c:
   403:	char * info_compiler = "INFO" ":" "compiler[" "" "]";
	     (359) illegal conversion between pointer types ^ (warning)
pointer to const unsigned char -> pointer to unsigned char
   732:	char * info_platform = "INFO" ":" "platform["  "]";
	   (359) illegal conversion between pointer types ^ (warning)
pointer to const unsigned char -> pointer to unsigned char
   733:	char * info_arch = "INFO" ":" "arch["  "]";
	                                          ^ (359) illegal conversion between pointer types (warning)
pointer to const unsigned char -> pointer to unsigned char
   755:	"INFO" ":" "standard_default[" "90" "]";
	                                       ^ (359) illegal conversion between pointer types (warning)
pointer to const unsigned char -> pointer to unsigned char
   766:	"]";
	   ^ (359) illegal conversion between pointer types (warning)
pointer to const unsigned char -> pointer to unsigned char

Memory Summary:
    Program space        used    DBh (   219) of  4000h words   (  1.3%)
    Data space           used    14h (    20) of   800h bytes   (  1.0%)
    EEPROM space         used     0h (     0) of   100h bytes   (  0.0%)
    Configuration bits   used     0h (     0) of     2h words   (  0.0%)
    ID Location space    used     0h (     0) of     4h bytes   (  0.0%)



Compilation of the C compiler identification source "CMakeCCompilerId.c" produced "CMakeCCompilerId.d"

Compilation of the C compiler identification source "CMakeCCompilerId.c" produced "CMakeCCompilerId.p1"

Compilation of the C compiler identification source "CMakeCCompilerId.c" produced "CMakeCCompilerId.pre"

Compilation of the C compiler identification source "CMakeCCompilerId.c" produced "__eeprom.d"

Compilation of the C compiler identification source "CMakeCCompilerId.c" produced "__eeprom.p1"

Compilation of the C compiler identification source "CMakeCCompilerId.c" produced "__eeprom.pre"

Compilation of the C compiler identification source "CMakeCCompilerId.c" produced "compiler_support.d"

Compilation of the C compiler identification source "CMakeCCompilerId.c" produced "compiler_support.p1"

Compilation of the C compiler identification source "CMakeCCompilerId.c" produced "compiler_support.pre"

Compilation of the C compiler identification source "CMakeCCompilerId.c" produced "s.as"

Compilation of the C compiler identification source "CMakeCCompilerId.c" produced "s.cmf"

Compilation of the C compiler identification source "CMakeCCompilerId.c" produced "s.elf"

Compilation of the C compiler identification source "CMakeCCompilerId.c" produced "s.hex"

Compilation of the C compiler identification source "CMakeCCompilerId.c" produced "s.hxl"

Compilation of the C compiler identification source "CMakeCCompilerId.c" produced "s.obj"

Compilation of the C compiler identification source "CMakeCCompilerId.c" produced "s.sdb"

Compilation of the C compiler identification source "CMakeCCompilerId.c" produced "s.sym"

Compilation of the C compiler identification source "CMakeCCompilerId.c" produced "startup.as"

Compilation of the C compiler identification source "CMakeCCompilerId.c" produced "startup.lst"

Compilation of the C compiler identification source "CMakeCCompilerId.c" produced "startup.obj"

Compilation of the C compiler identification source "CMakeCCompilerId.c" produced "startup.rlf"

Checking whether the ASM compiler is GNU using "--version" matched "(GNU assembler)|(GCC)|(Free Software Foundation)":
GNU ar (AVR_8_bit_GNU_Toolchain_3.6.7_489) 2.26.20160125
Copyright (C) 2015 Free Software Foundation, Inc.
This program is free software; you may redistribute it under the terms of
the GNU General Public License version 3 or (at your option) any later version.
This program has absolutely no warranty.
Compiling the C compiler identification source file "CMakeCCompilerId.c" succeeded.
Compiler: /Applications/microchip/xc8/v2.41/bin/xc8 
Build flags: --chip=16LF1788;-Oout.out
Id flags:  

The output was:
0
/Applications/microchip/xc8/v2.41/pic/bin/picc @/tmp/xc2CXfw0Y/xc8_tmp_0.cmd [ --chip=16LF1788 -Oout.out CMakeCCompilerId.c ]
Microchip MPLAB XC8 C Compiler V2.41
Build date: Feb  8 2023
Part Support Version: 2.41
Copyright (C) 2023 Microchip Technology Inc.
License type: Node Configuration


Memory Summary:
    Program space        used    DBh (   219) of  4000h words   (  1.3%)
    Data space           used    14h (    20) of   800h bytes   (  1.0%)
    EEPROM space         used     0h (     0) of   100h bytes   (  0.0%)
    Configuration bits   used     0h (     0) of     2h words   (  0.0%)
    ID Location space    used     0h (     0) of     4h bytes   (  0.0%)



Compilation of the C compiler identification source "CMakeCCompilerId.c" produced "CMakeCCompilerId.d"

Compilation of the C compiler identification source "CMakeCCompilerId.c" produced "CMakeCCompilerId.p1"

Compilation of the C compiler identification source "CMakeCCompilerId.c" produced "CMakeCCompilerId.pre"

Compilation of the C compiler identification source "CMakeCCompilerId.c" produced "__eeprom.d"

Compilation of the C compiler identification source "CMakeCCompilerId.c" produced "__eeprom.p1"

Compilation of the C compiler identification source "CMakeCCompilerId.c" produced "__eeprom.pre"

Compilation of the C compiler identification source "CMakeCCompilerId.c" produced "compiler_support.d"

Compilation of the C compiler identification source "CMakeCCompilerId.c" produced "compiler_support.p1"

Compilation of the C compiler identification source "CMakeCCompilerId.c" produced "compiler_support.pre"

Compilation of the C compiler identification source "CMakeCCompilerId.c" produced "out.as"

Compilation of the C compiler identification source "CMakeCCompilerId.c" produced "out.cmf"

Compilation of the C compiler identification source "CMakeCCompilerId.c" produced "out.elf"

Compilation of the C compiler identification source "CMakeCCompilerId.c" produced "out.hex"

Compilation of the C compiler identification source "CMakeCCompilerId.c" produced "out.hxl"

Compilation of the C compiler identification source "CMakeCCompilerId.c" produced "out.obj"

Compilation of the C compiler identification source "CMakeCCompilerId.c" produced "out.sdb"

Compilation of the C compiler identification source "CMakeCCompilerId.c" produced "out.sym"

Compilation of the C compiler identification source "CMakeCCompilerId.c" produced "startup.as"

Compilation of the C compiler identification source "CMakeCCompilerId.c" produced "startup.lst"

Compilation of the C compiler identification source "CMakeCCompilerId.c" produced "startup.obj"

Compilation of the C compiler identification source "CMakeCCompilerId.c" produced "startup.rlf"

Compiling the C compiler identification source file "CMakeCCompilerId.c" succeeded.
Compiler: /Applications/microchip/xc8/v2.41/bin/xc8 
Build flags: --chip=16LF1788;-Oout.out
Id flags: -D__CLASSIC_C__ 

The output was:
0
/Applications/microchip/xc8/v2.41/pic/bin/picc @/tmp/xcLvXnR9X/xc8_tmp_0.cmd [ --chip=16LF1788 -Oout.out -D__CLASSIC_C__ CMakeCCompilerId.c ]
Microchip MPLAB XC8 C Compiler V2.41
Build date: Feb  8 2023
Part Support Version: 2.41
Copyright (C) 2023 Microchip Technology Inc.
License type: Node Configuration

CMakeCCompilerId.c:
   403:	char * info_compiler = "INFO" ":" "compiler[" "" "]";
	     (359) illegal conversion between pointer types ^ (warning)
pointer to const unsigned char -> pointer to unsigned char
   732:	char * info_platform = "INFO" ":" "platform["  "]";
	   (359) illegal conversion between pointer types ^ (warning)
pointer to const unsigned char -> pointer to unsigned char
   733:	char * info_arch = "INFO" ":" "arch["  "]";
	                                          ^ (359) illegal conversion between pointer types (warning)
pointer to const unsigned char -> pointer to unsigned char
   755:	"INFO" ":" "standard_default[" "90" "]";
	                                       ^ (359) illegal conversion between pointer types (warning)
pointer to const unsigned char -> pointer to unsigned char
   766:	"]";
	   ^ (359) illegal conversion between pointer types (warning)
pointer to const unsigned char -> pointer to unsigned char

Memory Summary:
    Program space        used    DBh (   219) of  4000h words   (  1.3%)
    Data space           used    14h (    20) of   800h bytes   (  1.0%)
    EEPROM space         used     0h (     0) of   100h bytes   (  0.0%)
    Configuration bits   used     0h (     0) of     2h words   (  0.0%)
    ID Location space    used     0h (     0) of     4h bytes   (  0.0%)



Compilation of the C compiler identification source "CMakeCCompilerId.c" produced "CMakeCCompilerId.d"

Compilation of the C compiler identification source "CMakeCCompilerId.c" produced "CMakeCCompilerId.p1"

Compilation of the C compiler identification source "CMakeCCompilerId.c" produced "CMakeCCompilerId.pre"

Compilation of the C compiler identification source "CMakeCCompilerId.c" produced "__eeprom.d"

Compilation of the C compiler identification source "CMakeCCompilerId.c" produced "__eeprom.p1"

Compilation of the C compiler identification source "CMakeCCompilerId.c" produced "__eeprom.pre"

Compilation of the C compiler identification source "CMakeCCompilerId.c" produced "compiler_support.d"

Compilation of the C compiler identification source "CMakeCCompilerId.c" produced "compiler_support.p1"

Compilation of the C compiler identification source "CMakeCCompilerId.c" produced "compiler_support.pre"

Compilation of the C compiler identification source "CMakeCCompilerId.c" produced "out.as"

Compilation of the C compiler identification source "CMakeCCompilerId.c" produced "out.cmf"

Compilation of the C compiler identification source "CMakeCCompilerId.c" produced "out.elf"

Compilation of the C compiler identification source "CMakeCCompilerId.c" produced "out.hex"

Compilation of the C compiler identification source "CMakeCCompilerId.c" produced "out.hxl"

Compilation of the C compiler identification source "CMakeCCompilerId.c" produced "out.obj"

Compilation of the C compiler identification source "CMakeCCompilerId.c" produced "out.sdb"

Compilation of the C compiler identification source "CMakeCCompilerId.c" produced "out.sym"

Compilation of the C compiler identification source "CMakeCCompilerId.c" produced "startup.as"

Compilation of the C compiler identification source "CMakeCCompilerId.c" produced "startup.lst"

Compilation of the C compiler identification source "CMakeCCompilerId.c" produced "startup.obj"

Compilation of the C compiler identification source "CMakeCCompilerId.c" produced "startup.rlf"

Checking whether the ASM compiler is GNU using "--version" matched "(GNU assembler)|(GCC)|(Free Software Foundation)":
GNU ar (AVR_8_bit_GNU_Toolchain_3.6.7_489) 2.26.20160125
Copyright (C) 2015 Free Software Foundation, Inc.
This program is free software; you may redistribute it under the terms of
the GNU General Public License version 3 or (at your option) any later version.
This program has absolutely no warranty.
Checking whether the ASM compiler is GNU using "--version" matched "(GNU assembler)|(GCC)|(Free Software Foundation)":
GNU ar (AVR_8_bit_GNU_Toolchain_3.6.7_489) 2.26.20160125
Copyright (C) 2015 Free Software Foundation, Inc.
This program is free software; you may redistribute it under the terms of
the GNU General Public License version 3 or (at your option) any later version.
This program has absolutely no warranty.
The target system is: Generic - 1 - 
The host system is: Darwin - 21.4.0 - x86_64
Checking whether the ASM compiler is GNU using "--version" matched "(GNU assembler)|(GCC)|(Free Software Foundation)":
GNU ar (AVR_8_bit_GNU_Toolchain_3.6.7_489) 2.26.20160125
Copyright (C) 2015 Free Software Foundation, Inc.
This program is free software; you may redistribute it under the terms of
the GNU General Public License version 3 or (at your option) any later version.
This program has absolutely no warranty.
Checking whether the ASM compiler is GNU using "--version" matched "(GNU assembler)|(GCC)|(Free Software Foundation)":
GNU ar (AVR_8_bit_GNU_Toolchain_3.6.7_489) 2.26.20160125
Copyright (C) 2015 Free Software Foundation, Inc.
This program is free software; you may redistribute it under the terms of
the GNU General Public License version 3 or (at your option) any later version.
This program has absolutely no warranty.
Compiling the C compiler identification source file "CMakeCCompilerId.c" succeeded.
Compiler: /Applications/microchip/xc8/v2.41/bin/xc8-cc 
Build flags: --chip=16LF1788;-mcpu=16LF1788
Id flags:  

The output was:
0
::: warning: (2044) unrecognized option "--chip=16LF1788"

Memory Summary:
    Program space        used   121h (   289) of  4000h words   (  1.8%)
    Data space           used    14h (    20) of   800h bytes   (  1.0%)
    EEPROM space         used     0h (     0) of   100h bytes   (  0.0%)
    Configuration bits   used     0h (     0) of     2h words   (  0.0%)
    ID Location space    used     0h (     0) of     4h bytes   (  0.0%)



Compilation of the C compiler identification source "CMakeCCompilerId.c" produced "CMakeCCompilerId.cmf"

Compilation of the C compiler identification source "CMakeCCompilerId.c" produced "CMakeCCompilerId.d"

Compilation of the C compiler identification source "CMakeCCompilerId.c" produced "CMakeCCompilerId.elf"

Compilation of the C compiler identification source "CMakeCCompilerId.c" produced "CMakeCCompilerId.hex"

Compilation of the C compiler identification source "CMakeCCompilerId.c" produced "CMakeCCompilerId.hxl"

Compilation of the C compiler identification source "CMakeCCompilerId.c" produced "CMakeCCompilerId.o"

Compilation of the C compiler identification source "CMakeCCompilerId.c" produced "CMakeCCompilerId.p1"

Compilation of the C compiler identification source "CMakeCCompilerId.c" produced "CMakeCCompilerId.s"

Compilation of the C compiler identification source "CMakeCCompilerId.c" produced "CMakeCCompilerId.sdb"

Compilation of the C compiler identification source "CMakeCCompilerId.c" produced "CMakeCCompilerId.sym"

Compilation of the C compiler identification source "CMakeCCompilerId.c" produced "__eeprom.d"

Compilation of the C compiler identification source "CMakeCCompilerId.c" produced "__eeprom.p1"

Compilation of the C compiler identification source "CMakeCCompilerId.c" produced "compiler_support.d"

Compilation of the C compiler identification source "CMakeCCompilerId.c" produced "compiler_support.p1"

Compilation of the C compiler identification source "CMakeCCompilerId.c" produced "startup.lst"

Compilation of the C compiler identification source "CMakeCCompilerId.c" produced "startup.o"

Compilation of the C compiler identification source "CMakeCCompilerId.c" produced "startup.rlf"

Compilation of the C compiler identification source "CMakeCCompilerId.c" produced "startup.s"

The C compiler identification is Clang, found in "/Users/christiansargusingh/Projects/pic/build/CMakeFiles/3.22.1/CompilerIdC/CMakeCCompilerId.elf"

Checking whether the ASM compiler is GNU using "--version" matched "(GNU assembler)|(GCC)|(Free Software Foundation)":
GNU ar (AVR_8_bit_GNU_Toolchain_3.6.7_489) 2.26.20160125
Copyright (C) 2015 Free Software Foundation, Inc.
This program is free software; you may redistribute it under the terms of
the GNU General Public License version 3 or (at your option) any later version.
This program has absolutely no warranty.
Compiling the C compiler identification source file "CMakeCCompilerId.c" succeeded.
Compiler: /Applications/microchip/xc8/v2.41/bin/xc8-cc 
Build flags: -mcpu=16LF1788
Id flags:  

The output was:
0

Memory Summary:
    Program space        used   121h (   289) of  4000h words   (  1.8%)
    Data space           used    14h (    20) of   800h bytes   (  1.0%)
    EEPROM space         used     0h (     0) of   100h bytes   (  0.0%)
    Configuration bits   used     0h (     0) of     2h words   (  0.0%)
    ID Location space    used     0h (     0) of     4h bytes   (  0.0%)



Compilation of the C compiler identification source "CMakeCCompilerId.c" produced "CMakeCCompilerId.cmf"

Compilation of the C compiler identification source "CMakeCCompilerId.c" produced "CMakeCCompilerId.d"

Compilation of the C compiler identification source "CMakeCCompilerId.c" produced "CMakeCCompilerId.elf"

Compilation of the C compiler identification source "CMakeCCompilerId.c" produced "CMakeCCompilerId.hex"

Compilation of the C compiler identification source "CMakeCCompilerId.c" produced "CMakeCCompilerId.hxl"

Compilation of the C compiler identification source "CMakeCCompilerId.c" produced "CMakeCCompilerId.o"

Compilation of the C compiler identification source "CMakeCCompilerId.c" produced "CMakeCCompilerId.p1"

Compilation of the C compiler identification source "CMakeCCompilerId.c" produced "CMakeCCompilerId.s"

Compilation of the C compiler identification source "CMakeCCompilerId.c" produced "CMakeCCompilerId.sdb"

Compilation of the C compiler identification source "CMakeCCompilerId.c" produced "CMakeCCompilerId.sym"

Compilation of the C compiler identification source "CMakeCCompilerId.c" produced "__eeprom.d"

Compilation of the C compiler identification source "CMakeCCompilerId.c" produced "__eeprom.p1"

Compilation of the C compiler identification source "CMakeCCompilerId.c" produced "compiler_support.d"

Compilation of the C compiler identification source "CMakeCCompilerId.c" produced "compiler_support.p1"

Compilation of the C compiler identification source "CMakeCCompilerId.c" produced "startup.lst"

Compilation of the C compiler identification source "CMakeCCompilerId.c" produced "startup.o"

Compilation of the C compiler identification source "CMakeCCompilerId.c" produced "startup.rlf"

Compilation of the C compiler identification source "CMakeCCompilerId.c" produced "startup.s"

The C compiler identification is Clang, found in "/Users/christiansargusingh/Projects/pic/build/CMakeFiles/3.22.1/CompilerIdC/CMakeCCompilerId.elf"

Checking whether the ASM compiler is GNU using "--version" matched "(GNU assembler)|(GCC)|(Free Software Foundation)":
GNU ar (AVR_8_bit_GNU_Toolchain_3.6.7_489) 2.26.20160125
Copyright (C) 2015 Free Software Foundation, Inc.
This program is free software; you may redistribute it under the terms of
the GNU General Public License version 3 or (at your option) any later version.
This program has absolutely no warranty.
Checking whether the ASM compiler is GNU using "--version" matched "(GNU assembler)|(GCC)|(Free Software Foundation)":
GNU ar (AVR_8_bit_GNU_Toolchain_3.6.7_489) 2.26.20160125
Copyright (C) 2015 Free Software Foundation, Inc.
This program is free software; you may redistribute it under the terms of
the GNU General Public License version 3 or (at your option) any later version.
This program has absolutely no warranty.
